Using pre-set license
Built from '2021.3/staging' branch; Version is '2021.3.21f1 (1b156197d683) revision 1774945'; Using compiler version '192829333'; Build Type 'Release'
OS: 'Windows 10  (10.0.19044) 64bit Professional' Language: 'es' Physical Memory: 16315 MB
BatchMode: 1, IsHumanControllingUs: 0, StartBugReporterOnCrash: 0, Is64bit: 1, IsPro: 1

COMMAND LINE ARGUMENTS:
C:\Program Files\Unity 2021.3.21f1\Editor\Unity.exe
-adb2
-batchMode
-noUpm
-name
AssetImportWorker0
-projectPath
E:/UNIVERSIDAD/10 SEMESTRE/Aplicaciones 3D/Sokoban 3D/Juego
-logFile
Logs/AssetImportWorker0.log
-srvPort
51644
Successfully changed project path to: E:/UNIVERSIDAD/10 SEMESTRE/Aplicaciones 3D/Sokoban 3D/Juego
E:/UNIVERSIDAD/10 SEMESTRE/Aplicaciones 3D/Sokoban 3D/Juego
[UnityMemory] Configuration Parameters - Can be set up in boot.config
    "memorysetup-bucket-allocator-granularity=16"
    "memorysetup-bucket-allocator-bucket-count=8"
    "memorysetup-bucket-allocator-block-size=33554432"
    "memorysetup-bucket-allocator-block-count=8"
    "memorysetup-main-allocator-block-size=16777216"
    "memorysetup-thread-allocator-block-size=16777216"
    "memorysetup-gfx-main-allocator-block-size=16777216"
    "memorysetup-gfx-thread-allocator-block-size=16777216"
    "memorysetup-cache-allocator-block-size=4194304"
    "memorysetup-typetree-allocator-block-size=2097152"
    "memorysetup-profiler-bucket-allocator-granularity=16"
    "memorysetup-profiler-bucket-allocator-bucket-count=8"
    "memorysetup-profiler-bucket-allocator-block-size=33554432"
    "memorysetup-profiler-bucket-allocator-block-count=8"
    "memorysetup-profiler-allocator-block-size=16777216"
    "memorysetup-profiler-editor-allocator-block-size=1048576"
    "memorysetup-temp-allocator-size-main=16777216"
    "memorysetup-job-temp-allocator-block-size=2097152"
    "memorysetup-job-temp-allocator-block-size-background=1048576"
    "memorysetup-job-temp-allocator-reduction-small-platforms=262144"
    "memorysetup-temp-allocator-size-background-worker=32768"
    "memorysetup-temp-allocator-size-job-worker=262144"
    "memorysetup-temp-allocator-size-preload-manager=33554432"
    "memorysetup-temp-allocator-size-nav-mesh-worker=65536"
    "memorysetup-temp-allocator-size-audio-worker=65536"
    "memorysetup-temp-allocator-size-cloud-worker=32768"
    "memorysetup-temp-allocator-size-gi-baking-worker=262144"
    "memorysetup-temp-allocator-size-gfx=262144"
Player connection [6508] Host "[IP] 192.168.0.11 [Port] 0 [Flags] 2 [Guid] 2246552175 [EditorId] 2246552175 [Version] 1048832 [Id] WindowsEditor(7,Equipo-Escritorio-David) [Debug] 1 [PackageName] WindowsEditor [ProjectName] Editor" joined multi-casting on [225.0.0.222:54997]...

Player connection [6508] Host "[IP] 192.168.0.11 [Port] 0 [Flags] 2 [Guid] 2246552175 [EditorId] 2246552175 [Version] 1048832 [Id] WindowsEditor(7,Equipo-Escritorio-David) [Debug] 1 [PackageName] WindowsEditor [ProjectName] Editor" joined alternative multi-casting on [225.0.0.222:34997]...

Refreshing native plugins compatible for Editor in 83.56 ms, found 3 plugins.
Preloading 0 native plugins for Editor in 0.00 ms.
Initialize engine version: 2021.3.21f1 (1b156197d683)
[Subsystems] Discovering subsystems at path C:/Program Files/Unity 2021.3.21f1/Editor/Data/Resources/UnitySubsystems
[Subsystems] Discovering subsystems at path E:/UNIVERSIDAD/10 SEMESTRE/Aplicaciones 3D/Sokoban 3D/Juego/Assets
GfxDevice: creating device client; threaded=0; jobified=0
Direct3D:
    Version:  Direct3D 11.0 [level 11.1]
    Renderer: NVIDIA GeForce GTX 1650 (ID=0x1f82)
    Vendor:   NVIDIA
    VRAM:     3949 MB
    Driver:   31.0.15.3141
Initialize mono
Mono path[0] = 'C:/Program Files/Unity 2021.3.21f1/Editor/Data/Managed'
Mono path[1] = 'C:/Program Files/Unity 2021.3.21f1/Editor/Data/MonoBleedingEdge/lib/mono/unityjit-win32'
Mono config path = 'C:/Program Files/Unity 2021.3.21f1/Editor/Data/MonoBleedingEdge/etc'
Using monoOptions --debugger-agent=transport=dt_socket,embedding=1,server=y,suspend=n,address=127.0.0.1:56232
Begin MonoManager ReloadAssembly
Registering precompiled unity dll's ...
Register platform support module: C:/Program Files/Unity 2021.3.21f1/Editor/Data/PlaybackEngines/WindowsStandaloneSupport/UnityEditor.WindowsStandalone.Extensions.dll
Registered in 0.012124 seconds.
Native extension for WindowsStandalone target not found
Refreshing native plugins compatible for Editor in 123.78 ms, found 3 plugins.
Preloading 0 native plugins for Editor in 0.00 ms.
Mono: successfully reloaded assembly
- Completed reload, in  0.943 seconds
Domain Reload Profiling:
	ReloadAssembly (943ms)
		BeginReloadAssembly (116ms)
			ExecutionOrderSort (0ms)
			DisableScriptedObjects (0ms)
			BackupInstance (0ms)
			ReleaseScriptingObjects (0ms)
			CreateAndSetChildDomain (1ms)
		EndReloadAssembly (691ms)
			LoadAssemblies (112ms)
			RebuildTransferFunctionScriptingTraits (0ms)
			SetupTypeCache (126ms)
			ReleaseScriptCaches (0ms)
			RebuildScriptCaches (34ms)
			SetupLoadedEditorAssemblies (461ms)
				LogAssemblyErrors (0ms)
				InitializePlatformSupportModulesInManaged (10ms)
				SetLoadedEditorAssemblies (1ms)
				RefreshPlugins (124ms)
				BeforeProcessingInitializeOnLoad (2ms)
				ProcessInitializeOnLoadAttributes (263ms)
				ProcessInitializeOnLoadMethodAttributes (62ms)
				AfterProcessingInitializeOnLoad (0ms)
				EditorAssembliesLoaded (0ms)
			ExecutionOrderSort2 (0ms)
			AwakeInstancesAfterBackupRestoration (0ms)
Platform modules already initialized, skipping
Registering precompiled user dll's ...
Registered in 0.006390 seconds.
Begin MonoManager ReloadAssembly
Symbol file LoadedFromMemory doesn't match image E:\UNIVERSIDAD\10 SEMESTRE\Aplicaciones 3D\Sokoban 3D\Juego\Library\PackageCache\com.unity.visualscripting@1.8.0\Editor\VisualScripting.Core\Dependencies\YamlDotNet\Unity.VisualScripting.YamlDotNet.dll
Symbol file LoadedFromMemory doesn't match image E:\UNIVERSIDAD\10 SEMESTRE\Aplicaciones 3D\Sokoban 3D\Juego\Library\PackageCache\com.unity.visualscripting@1.8.0\Editor\VisualScripting.Core\Dependencies\DotNetZip\Unity.VisualScripting.IonicZip.dll
Native extension for WindowsStandalone target not found
Refreshing native plugins compatible for Editor in 0.68 ms, found 3 plugins.
Preloading 0 native plugins for Editor in 0.00 ms.
Mono: successfully reloaded assembly
- Completed reload, in  1.313 seconds
Domain Reload Profiling:
	ReloadAssembly (1314ms)
		BeginReloadAssembly (155ms)
			ExecutionOrderSort (0ms)
			DisableScriptedObjects (7ms)
			BackupInstance (0ms)
			ReleaseScriptingObjects (0ms)
			CreateAndSetChildDomain (21ms)
		EndReloadAssembly (1005ms)
			LoadAssemblies (122ms)
			RebuildTransferFunctionScriptingTraits (0ms)
			SetupTypeCache (318ms)
			ReleaseScriptCaches (1ms)
			RebuildScriptCaches (61ms)
			SetupLoadedEditorAssemblies (479ms)
				LogAssemblyErrors (0ms)
				InitializePlatformSupportModulesInManaged (7ms)
				SetLoadedEditorAssemblies (1ms)
				RefreshPlugins (1ms)
				BeforeProcessingInitializeOnLoad (100ms)
				ProcessInitializeOnLoadAttributes (321ms)
				ProcessInitializeOnLoadMethodAttributes (32ms)
				AfterProcessingInitializeOnLoad (18ms)
				EditorAssembliesLoaded (0ms)
			ExecutionOrderSort2 (0ms)
			AwakeInstancesAfterBackupRestoration (8ms)
Platform modules already initialized, skipping
========================================================================
Worker process is ready to serve import requests
Launched and connected shader compiler UnityShaderCompiler.exe after 0.05 seconds
Refreshing native plugins compatible for Editor in 1.02 ms, found 3 plugins.
Preloading 0 native plugins for Editor in 0.00 ms.
Unloading 3551 Unused Serialized files (Serialized files now loaded: 0)
Unloading 24 unused Assets / (113.6 KB). Loaded Objects now: 4016.
Memory consumption went from 125.3 MB to 125.2 MB.
Total: 5.917600 ms (FindLiveObjects: 0.443100 ms CreateObjectMapping: 0.549300 ms MarkObjects: 4.723800 ms  DeleteObjects: 0.199800 ms)

AssetImportParameters requested are different than current active one (requested -> active):
  custom:video-decoder-ogg-theora: a1e56fd34408186e4bbccfd4996cb3dc -> 
  custom:container-muxer-webm: aa71ff27fc2769a1b78a27578f13a17b -> 
  custom:container-demuxer-webm: 4f35f7cbe854078d1ac9338744f61a02 -> 
  custom:video-encoder-webm-vp8: eb34c28f22e8b96e1ab97ce403110664 -> 
  custom:audio-encoder-webm-vorbis: bf7c407c2cedff20999df2af8eb42d56 -> 
  custom:framework-win-MediaFoundation: 216162199b28c13a410421893ffa2e32 -> 
  custom:container-demuxer-ogg: 62fdf1f143b41e24485cea50d1cbac27 -> 
  custom:video-decoder-webm-vp8: 9c59270c3fd7afecdb556c50c9e8de78 -> 
  custom:audio-decoder-ogg-vorbis: bf7c407c2cedff20999df2af8eb42d56 -> 
========================================================================
Received Import Request.
  Time since last request: 18215.913899 seconds.
  path: Assets/Scenes/Movimiento de Caja.unity
  artifactKey: Guid(9fc0d4010bbf28b4594072e72b8655ab) Importer(815301076,1909f56bfc062723c751e8b465ee728b)
Start importing Assets/Scenes/Movimiento de Caja.unity using Guid(9fc0d4010bbf28b4594072e72b8655ab) Importer(815301076,1909f56bfc062723c751e8b465ee728b)  -> (artifact id: 'e18f806a4de8bace92787685204bae7d') in 0.012554 seconds 
========================================================================
Received Prepare
Registering precompiled user dll's ...
Registered in 0.006435 seconds.
Begin MonoManager ReloadAssembly
Symbol file LoadedFromMemory doesn't match image E:\UNIVERSIDAD\10 SEMESTRE\Aplicaciones 3D\Sokoban 3D\Juego\Library\PackageCache\com.unity.visualscripting@1.8.0\Editor\VisualScripting.Core\Dependencies\YamlDotNet\Unity.VisualScripting.YamlDotNet.dll
Symbol file LoadedFromMemory doesn't match image E:\UNIVERSIDAD\10 SEMESTRE\Aplicaciones 3D\Sokoban 3D\Juego\Library\PackageCache\com.unity.visualscripting@1.8.0\Editor\VisualScripting.Core\Dependencies\DotNetZip\Unity.VisualScripting.IonicZip.dll
Native extension for WindowsStandalone target not found
Refreshing native plugins compatible for Editor in 1.24 ms, found 3 plugins.
Preloading 0 native plugins for Editor in 0.00 ms.
Mono: successfully reloaded assembly
- Completed reload, in  1.551 seconds
Domain Reload Profiling:
	ReloadAssembly (1551ms)
		BeginReloadAssembly (215ms)
			ExecutionOrderSort (0ms)
			DisableScriptedObjects (7ms)
			BackupInstance (0ms)
			ReleaseScriptingObjects (0ms)
			CreateAndSetChildDomain (50ms)
		EndReloadAssembly (1196ms)
			LoadAssemblies (149ms)
			RebuildTransferFunctionScriptingTraits (0ms)
			SetupTypeCache (409ms)
			ReleaseScriptCaches (2ms)
			RebuildScriptCaches (63ms)
			SetupLoadedEditorAssemblies (479ms)
				LogAssemblyErrors (0ms)
				InitializePlatformSupportModulesInManaged (10ms)
				SetLoadedEditorAssemblies (1ms)
				RefreshPlugins (1ms)
				BeforeProcessingInitializeOnLoad (100ms)
				ProcessInitializeOnLoadAttributes (297ms)
				ProcessInitializeOnLoadMethodAttributes (51ms)
				AfterProcessingInitializeOnLoad (19ms)
				EditorAssembliesLoaded (0ms)
			ExecutionOrderSort2 (0ms)
			AwakeInstancesAfterBackupRestoration (48ms)
Platform modules already initialized, skipping
Refreshing native plugins compatible for Editor in 2.34 ms, found 3 plugins.
Preloading 0 native plugins for Editor in 0.00 ms.
Unloading 3521 Unused Serialized files (Serialized files now loaded: 0)
Unloading 17 unused Assets / (80.2 KB). Loaded Objects now: 4019.
Memory consumption went from 123.7 MB to 123.6 MB.
Total: 4.574100 ms (FindLiveObjects: 0.333300 ms CreateObjectMapping: 0.386100 ms MarkObjects: 3.727900 ms  DeleteObjects: 0.125900 ms)

AssetImportParameters requested are different than current active one (requested -> active):
  custom:video-decoder-ogg-theora: a1e56fd34408186e4bbccfd4996cb3dc -> 
  custom:container-muxer-webm: aa71ff27fc2769a1b78a27578f13a17b -> 
  custom:container-demuxer-webm: 4f35f7cbe854078d1ac9338744f61a02 -> 
  custom:video-encoder-webm-vp8: eb34c28f22e8b96e1ab97ce403110664 -> 
  custom:audio-encoder-webm-vorbis: bf7c407c2cedff20999df2af8eb42d56 -> 
  custom:framework-win-MediaFoundation: 216162199b28c13a410421893ffa2e32 -> 
  custom:container-demuxer-ogg: 62fdf1f143b41e24485cea50d1cbac27 -> 
  custom:video-decoder-webm-vp8: 9c59270c3fd7afecdb556c50c9e8de78 -> 
  custom:audio-decoder-ogg-vorbis: bf7c407c2cedff20999df2af8eb42d56 -> 
========================================================================
Received Import Request.
  Time since last request: 117.478161 seconds.
  path: Assets/Elementos/umng.fbx
  artifactKey: Guid(3adfb515f985c0c4dab71bbf7c8abec1) Importer(815301076,1909f56bfc062723c751e8b465ee728b)
Start importing Assets/Elementos/umng.fbx using Guid(3adfb515f985c0c4dab71bbf7c8abec1) Importer(815301076,1909f56bfc062723c751e8b465ee728b)  -> (artifact id: '9900c68ba150dfbf6a0cc1196a97845e') in 1.017338 seconds 
========================================================================
Received Import Request.
  Time since last request: 26.192247 seconds.
  path: Assets/Scenes/Escenario umng.unity
  artifactKey: Guid(ff5878ed45b1f084d837d5fe8a4e51ba) Importer(815301076,1909f56bfc062723c751e8b465ee728b)
Start importing Assets/Scenes/Escenario umng.unity using Guid(ff5878ed45b1f084d837d5fe8a4e51ba) Importer(815301076,1909f56bfc062723c751e8b465ee728b)  -> (artifact id: 'd23ca3e6e1cee1db90b13ed657c38b7d') in 0.002722 seconds 
========================================================================
Received Import Request.
  Time since last request: 304.473708 seconds.
  path: Assets/TextMesh Pro
  artifactKey: Guid(3a8624436bafa644eb50dff22626da12) Importer(815301076,1909f56bfc062723c751e8b465ee728b)
Start importing Assets/TextMesh Pro using Guid(3a8624436bafa644eb50dff22626da12) Importer(815301076,1909f56bfc062723c751e8b465ee728b)  -> (artifact id: 'e5f09107aa5d1d89e9e145ce004eae4a') in 0.002018 seconds 
========================================================================
Received Import Request.
  Time since last request: 1.264199 seconds.
  path: Assets/TextMesh Pro/Shaders
  artifactKey: Guid(aff1ff373ce0aba42a6a6b70e47b3281) Importer(815301076,1909f56bfc062723c751e8b465ee728b)
Start importing Assets/TextMesh Pro/Shaders using Guid(aff1ff373ce0aba42a6a6b70e47b3281) Importer(815301076,1909f56bfc062723c751e8b465ee728b)  -> (artifact id: '63175dd97a6194386bf371361010f806') in 0.001938 seconds 
========================================================================
Received Import Request.
  Time since last request: 9.441597 seconds.
  path: Assets/TextMesh Pro/Resources/Style Sheets/Default Style Sheet.asset
  artifactKey: Guid(f952c082cb03451daed3ee968ac6c63e) Importer(815301076,1909f56bfc062723c751e8b465ee728b)
Start importing Assets/TextMesh Pro/Resources/Style Sheets/Default Style Sheet.asset using Guid(f952c082cb03451daed3ee968ac6c63e) Importer(815301076,1909f56bfc062723c751e8b465ee728b)  -> (artifact id: 'c72200549b97ff12ff44a36c3fabf96c') in 0.008225 seconds 
========================================================================
Received Import Request.
  Time since last request: 0.890614 seconds.
  path: Assets/TextMesh Pro/Resources/Sprite Assets/EmojiOne.asset
  artifactKey: Guid(c41005c129ba4d66911b75229fd70b45) Importer(815301076,1909f56bfc062723c751e8b465ee728b)
Start importing Assets/TextMesh Pro/Resources/Sprite Assets/EmojiOne.asset using Guid(c41005c129ba4d66911b75229fd70b45) Importer(815301076,1909f56bfc062723c751e8b465ee728b)  -> (artifact id: '3950451084668360d05945240589cf11') in 0.005868 seconds 
========================================================================
Received Import Request.
  Time since last request: 109.624489 seconds.
  path: Assets/Elementos/umng.fbx
  artifactKey: Guid(3adfb515f985c0c4dab71bbf7c8abec1) Importer(815301076,1909f56bfc062723c751e8b465ee728b)
Start importing Assets/Elementos/umng.fbx using Guid(3adfb515f985c0c4dab71bbf7c8abec1) Importer(815301076,1909f56bfc062723c751e8b465ee728b)  -> (artifact id: '71a3165d1c393ec5311be3559c03a41d') in 0.575433 seconds 
========================================================================
Received Import Request.
  Time since last request: 118.460239 seconds.
  path: Assets/Elementos/umng.fbx
  artifactKey: Guid(3adfb515f985c0c4dab71bbf7c8abec1) Importer(815301076,1909f56bfc062723c751e8b465ee728b)
Start importing Assets/Elementos/umng.fbx using Guid(3adfb515f985c0c4dab71bbf7c8abec1) Importer(815301076,1909f56bfc062723c751e8b465ee728b)  -> (artifact id: 'f397d36f583d8394fab5318e952c8b32') in 0.419160 seconds 
========================================================================
Received Prepare
Registering precompiled user dll's ...
Registered in 0.006476 seconds.
Begin MonoManager ReloadAssembly
Symbol file LoadedFromMemory doesn't match image E:\UNIVERSIDAD\10 SEMESTRE\Aplicaciones 3D\Sokoban 3D\Juego\Library\PackageCache\com.unity.visualscripting@1.8.0\Editor\VisualScripting.Core\Dependencies\YamlDotNet\Unity.VisualScripting.YamlDotNet.dll
Symbol file LoadedFromMemory doesn't match image E:\UNIVERSIDAD\10 SEMESTRE\Aplicaciones 3D\Sokoban 3D\Juego\Library\PackageCache\com.unity.visualscripting@1.8.0\Editor\VisualScripting.Core\Dependencies\DotNetZip\Unity.VisualScripting.IonicZip.dll
Native extension for WindowsStandalone target not found
Refreshing native plugins compatible for Editor in 1.00 ms, found 3 plugins.
Preloading 0 native plugins for Editor in 0.00 ms.
Mono: successfully reloaded assembly
- Completed reload, in  1.488 seconds
Domain Reload Profiling:
	ReloadAssembly (1490ms)
		BeginReloadAssembly (186ms)
			ExecutionOrderSort (0ms)
			DisableScriptedObjects (6ms)
			BackupInstance (0ms)
			ReleaseScriptingObjects (0ms)
			CreateAndSetChildDomain (41ms)
		EndReloadAssembly (1176ms)
			LoadAssemblies (131ms)
			RebuildTransferFunctionScriptingTraits (0ms)
			SetupTypeCache (387ms)
			ReleaseScriptCaches (2ms)
			RebuildScriptCaches (64ms)
			SetupLoadedEditorAssemblies (471ms)
				LogAssemblyErrors (0ms)
				InitializePlatformSupportModulesInManaged (9ms)
				SetLoadedEditorAssemblies (1ms)
				RefreshPlugins (1ms)
				BeforeProcessingInitializeOnLoad (97ms)
				ProcessInitializeOnLoadAttributes (294ms)
				ProcessInitializeOnLoadMethodAttributes (49ms)
				AfterProcessingInitializeOnLoad (20ms)
				EditorAssembliesLoaded (0ms)
			ExecutionOrderSort2 (0ms)
			AwakeInstancesAfterBackupRestoration (60ms)
Platform modules already initialized, skipping
Refreshing native plugins compatible for Editor in 2.53 ms, found 3 plugins.
Preloading 0 native plugins for Editor in 0.00 ms.
Unloading 3521 Unused Serialized files (Serialized files now loaded: 0)
Unloading 17 unused Assets / (80.2 KB). Loaded Objects now: 4066.
Memory consumption went from 128.7 MB to 128.6 MB.
Total: 4.508100 ms (FindLiveObjects: 0.381800 ms CreateObjectMapping: 0.166700 ms MarkObjects: 3.802600 ms  DeleteObjects: 0.155300 ms)

AssetImportParameters requested are different than current active one (requested -> active):
  custom:video-decoder-ogg-theora: a1e56fd34408186e4bbccfd4996cb3dc -> 
  custom:container-muxer-webm: aa71ff27fc2769a1b78a27578f13a17b -> 
  custom:container-demuxer-webm: 4f35f7cbe854078d1ac9338744f61a02 -> 
  custom:video-encoder-webm-vp8: eb34c28f22e8b96e1ab97ce403110664 -> 
  custom:audio-encoder-webm-vorbis: bf7c407c2cedff20999df2af8eb42d56 -> 
  custom:framework-win-MediaFoundation: 216162199b28c13a410421893ffa2e32 -> 
  custom:container-demuxer-ogg: 62fdf1f143b41e24485cea50d1cbac27 -> 
  custom:video-decoder-webm-vp8: 9c59270c3fd7afecdb556c50c9e8de78 -> 
  custom:audio-decoder-ogg-vorbis: bf7c407c2cedff20999df2af8eb42d56 -> 
========================================================================
Received Import Request.
  Time since last request: 138.405479 seconds.
  path: Assets/TextMesh Pro/Fonts/LiberationSans.ttf
  artifactKey: Guid(e3265ab4bf004d28a9537516768c1c75) Importer(815301076,1909f56bfc062723c751e8b465ee728b)
Start importing Assets/TextMesh Pro/Fonts/LiberationSans.ttf using Guid(e3265ab4bf004d28a9537516768c1c75) Importer(815301076,1909f56bfc062723c751e8b465ee728b)  -> (artifact id: 'f3bd036785823e2281556a384dd6489b') in 0.112006 seconds 
========================================================================
Received Import Request.
  Time since last request: 15.199222 seconds.
  path: Assets/Elementos/umng.fbx
  artifactKey: Guid(3adfb515f985c0c4dab71bbf7c8abec1) Importer(815301076,1909f56bfc062723c751e8b465ee728b)
Start importing Assets/Elementos/umng.fbx using Guid(3adfb515f985c0c4dab71bbf7c8abec1) Importer(815301076,1909f56bfc062723c751e8b465ee728b)  -> (artifact id: '2c19daddb721a72e2f2d6c8c6fb72a98') in 0.859221 seconds 
========================================================================
Received Import Request.
  Time since last request: 5.697737 seconds.
  path: Assets/Elementos/umng.fbx
  artifactKey: Guid(3adfb515f985c0c4dab71bbf7c8abec1) Importer(815301076,1909f56bfc062723c751e8b465ee728b)
Start importing Assets/Elementos/umng.fbx using Guid(3adfb515f985c0c4dab71bbf7c8abec1) Importer(815301076,1909f56bfc062723c751e8b465ee728b)  -> (artifact id: '2601a6fe0f0e0df6c602cc5400235ccf') in 0.574848 seconds 
========================================================================
Received Import Request.
  Time since last request: 7.137313 seconds.
  path: Assets/Elementos/bushes2LeafShader.mat
  artifactKey: Guid(8ee26b76a5cc1c9428b69b538c9a5255) Importer(815301076,1909f56bfc062723c751e8b465ee728b)
Start importing Assets/Elementos/bushes2LeafShader.mat using Guid(8ee26b76a5cc1c9428b69b538c9a5255) Importer(815301076,1909f56bfc062723c751e8b465ee728b)  -> (artifact id: 'b3770ca8e85c932ad80886120ee077a6') in 0.026316 seconds 
========================================================================
Received Import Request.
  Time since last request: 0.000036 seconds.
  path: Assets/Elementos/red_brick_03_bump_1k.exr
  artifactKey: Guid(616b92d055eaa6f47a55fc0fbadd176a) Importer(815301076,1909f56bfc062723c751e8b465ee728b)
Start importing Assets/Elementos/red_brick_03_bump_1k.exr using Guid(616b92d055eaa6f47a55fc0fbadd176a) Importer(815301076,1909f56bfc062723c751e8b465ee728b)  -> (artifact id: 'e5644c580dace0391fdcaf1e7eb11d36') in 0.032391 seconds 
========================================================================
Received Import Request.
  Time since last request: 0.000046 seconds.
  path: Assets/Elementos/rejas_mat.mat
  artifactKey: Guid(499a63a74f9a01944a75ce2a61c98ecd) Importer(815301076,1909f56bfc062723c751e8b465ee728b)
Start importing Assets/Elementos/rejas_mat.mat using Guid(499a63a74f9a01944a75ce2a61c98ecd) Importer(815301076,1909f56bfc062723c751e8b465ee728b)  -> (artifact id: '4a365dc9da5fab14a857156f4054984b') in 0.035617 seconds 
========================================================================
Received Import Request.
  Time since last request: 0.000025 seconds.
  path: Assets/Elementos/tierra_mat.mat
  artifactKey: Guid(62c776f1f2ca6b74baa02db546ca43b6) Importer(815301076,1909f56bfc062723c751e8b465ee728b)
Start importing Assets/Elementos/tierra_mat.mat using Guid(62c776f1f2ca6b74baa02db546ca43b6) Importer(815301076,1909f56bfc062723c751e8b465ee728b)  -> (artifact id: '47c6e1df5ab8090dea492f84305bde80') in 0.057346 seconds 
========================================================================
Received Import Request.
  Time since last request: 0.000046 seconds.
  path: Assets/Elementos/vidrio_mat.mat
  artifactKey: Guid(a4716e4179f490f41a60cb3c0fc4693b) Importer(815301076,1909f56bfc062723c751e8b465ee728b)
Start importing Assets/Elementos/vidrio_mat.mat using Guid(a4716e4179f490f41a60cb3c0fc4693b) Importer(815301076,1909f56bfc062723c751e8b465ee728b)  -> (artifact id: '5315e1e4f4cceaa9f16b7c6761911e90') in 0.028570 seconds 
========================================================================
Received Import Request.
  Time since last request: 0.000061 seconds.
  path: Assets/Elementos/piso_cemento_mat.mat
  artifactKey: Guid(a97110a43ee66754986f5f246f55afbd) Importer(815301076,1909f56bfc062723c751e8b465ee728b)
Start importing Assets/Elementos/piso_cemento_mat.mat using Guid(a97110a43ee66754986f5f246f55afbd) Importer(815301076,1909f56bfc062723c751e8b465ee728b)  -> (artifact id: 'af15ede5d61c7744a94ae3232e76a347') in 0.223932 seconds 
========================================================================
Received Import Request.
  Time since last request: 0.000063 seconds.
  path: Assets/Elementos/typeBlinn.mat
  artifactKey: Guid(d3eb102649b36254a86165ca1238f7c9) Importer(815301076,1909f56bfc062723c751e8b465ee728b)
Start importing Assets/Elementos/typeBlinn.mat using Guid(d3eb102649b36254a86165ca1238f7c9) Importer(815301076,1909f56bfc062723c751e8b465ee728b)  -> (artifact id: '0b0c485d0977fa5f475ba6e5708070e4') in 0.012449 seconds 
Editor requested this worker to shutdown with reason: Scaling down because of idle timeout
AssetImportWorker is now disconnected from the server
Process exiting
Exiting without the bug reporter. Application will terminate with return code 0