Using pre-set license
Built from '2021.3/staging' branch; Version is '2021.3.21f1 (1b156197d683) revision 1774945'; Using compiler version '192829333'; Build Type 'Release'
OS: 'Windows 11  (10.0.22621) 64bit CoreSingleLanguage' Language: 'es' Physical Memory: 8069 MB
BatchMode: 1, IsHumanControllingUs: 0, StartBugReporterOnCrash: 0, Is64bit: 1, IsPro: 1

COMMAND LINE ARGUMENTS:
C:\Program Files\Unity\Hub\Editor\2021.3.21f1\Editor\Unity.exe
-adb2
-batchMode
-noUpm
-name
AssetImportWorker0
-projectPath
D:/David/universidad/10 SEMESTRE/app 3d/el de github/unitySokoban3D/Juego
-logFile
Logs/AssetImportWorker0.log
-srvPort
55606
Successfully changed project path to: D:/David/universidad/10 SEMESTRE/app 3d/el de github/unitySokoban3D/Juego
D:/David/universidad/10 SEMESTRE/app 3d/el de github/unitySokoban3D/Juego
[UnityMemory] Configuration Parameters - Can be set up in boot.config
    "memorysetup-bucket-allocator-granularity=16"
    "memorysetup-bucket-allocator-bucket-count=8"
    "memorysetup-bucket-allocator-block-size=33554432"
    "memorysetup-bucket-allocator-block-count=8"
    "memorysetup-main-allocator-block-size=16777216"
    "memorysetup-thread-allocator-block-size=16777216"
    "memorysetup-gfx-main-allocator-block-size=16777216"
    "memorysetup-gfx-thread-allocator-block-size=16777216"
    "memorysetup-cache-allocator-block-size=4194304"
    "memorysetup-typetree-allocator-block-size=2097152"
    "memorysetup-profiler-bucket-allocator-granularity=16"
    "memorysetup-profiler-bucket-allocator-bucket-count=8"
    "memorysetup-profiler-bucket-allocator-block-size=33554432"
    "memorysetup-profiler-bucket-allocator-block-count=8"
    "memorysetup-profiler-allocator-block-size=16777216"
    "memorysetup-profiler-editor-allocator-block-size=1048576"
    "memorysetup-temp-allocator-size-main=16777216"
    "memorysetup-job-temp-allocator-block-size=2097152"
    "memorysetup-job-temp-allocator-block-size-background=1048576"
    "memorysetup-job-temp-allocator-reduction-small-platforms=262144"
    "memorysetup-temp-allocator-size-background-worker=32768"
    "memorysetup-temp-allocator-size-job-worker=262144"
    "memorysetup-temp-allocator-size-preload-manager=33554432"
    "memorysetup-temp-allocator-size-nav-mesh-worker=65536"
    "memorysetup-temp-allocator-size-audio-worker=65536"
    "memorysetup-temp-allocator-size-cloud-worker=32768"
    "memorysetup-temp-allocator-size-gi-baking-worker=262144"
    "memorysetup-temp-allocator-size-gfx=262144"
Player connection [4728] Host "[IP] 192.168.0.6 [Port] 0 [Flags] 2 [Guid] 260111674 [EditorId] 260111674 [Version] 1048832 [Id] WindowsEditor(7,Portatil-Pulido-Diaz) [Debug] 1 [PackageName] WindowsEditor [ProjectName] Editor" joined multi-casting on [225.0.0.222:54997]...

Player connection [4728] Host "[IP] 192.168.0.6 [Port] 0 [Flags] 2 [Guid] 260111674 [EditorId] 260111674 [Version] 1048832 [Id] WindowsEditor(7,Portatil-Pulido-Diaz) [Debug] 1 [PackageName] WindowsEditor [ProjectName] Editor" joined alternative multi-casting on [225.0.0.222:34997]...

Refreshing native plugins compatible for Editor in 199.94 ms, found 3 plugins.
Preloading 0 native plugins for Editor in 0.00 ms.
Initialize engine version: 2021.3.21f1 (1b156197d683)
[Subsystems] Discovering subsystems at path C:/Program Files/Unity/Hub/Editor/2021.3.21f1/Editor/Data/Resources/UnitySubsystems
[Subsystems] Discovering subsystems at path D:/David/universidad/10 SEMESTRE/app 3d/el de github/unitySokoban3D/Juego/Assets
GfxDevice: creating device client; threaded=0; jobified=0
Direct3D:
    Version:  Direct3D 11.0 [level 11.1]
    Renderer: Intel(R) UHD Graphics 620 (ID=0x5917)
    Vendor:   Intel
    VRAM:     4034 MB
    Driver:   31.0.101.2115
Initialize mono
Mono path[0] = 'C:/Program Files/Unity/Hub/Editor/2021.3.21f1/Editor/Data/Managed'
Mono path[1] = 'C:/Program Files/Unity/Hub/Editor/2021.3.21f1/Editor/Data/MonoBleedingEdge/lib/mono/unityjit-win32'
Mono config path = 'C:/Program Files/Unity/Hub/Editor/2021.3.21f1/Editor/Data/MonoBleedingEdge/etc'
Using monoOptions --debugger-agent=transport=dt_socket,embedding=1,server=y,suspend=n,address=127.0.0.1:56616
Begin MonoManager ReloadAssembly
Registering precompiled unity dll's ...
Register platform support module: C:/Program Files/Unity/Hub/Editor/2021.3.21f1/Editor/Data/PlaybackEngines/WindowsStandaloneSupport/UnityEditor.WindowsStandalone.Extensions.dll
Registered in 0.007298 seconds.
Native extension for WindowsStandalone target not found
Refreshing native plugins compatible for Editor in 131.14 ms, found 3 plugins.
Preloading 0 native plugins for Editor in 0.00 ms.
Mono: successfully reloaded assembly
- Completed reload, in  1.112 seconds
Domain Reload Profiling:
	ReloadAssembly (1113ms)
		BeginReloadAssembly (191ms)
			ExecutionOrderSort (0ms)
			DisableScriptedObjects (0ms)
			BackupInstance (0ms)
			ReleaseScriptingObjects (0ms)
			CreateAndSetChildDomain (1ms)
		EndReloadAssembly (753ms)
			LoadAssemblies (187ms)
			RebuildTransferFunctionScriptingTraits (0ms)
			SetupTypeCache (180ms)
			ReleaseScriptCaches (0ms)
			RebuildScriptCaches (50ms)
			SetupLoadedEditorAssemblies (441ms)
				LogAssemblyErrors (0ms)
				InitializePlatformSupportModulesInManaged (11ms)
				SetLoadedEditorAssemblies (0ms)
				RefreshPlugins (131ms)
				BeforeProcessingInitializeOnLoad (2ms)
				ProcessInitializeOnLoadAttributes (206ms)
				ProcessInitializeOnLoadMethodAttributes (90ms)
				AfterProcessingInitializeOnLoad (0ms)
				EditorAssembliesLoaded (0ms)
			ExecutionOrderSort2 (0ms)
			AwakeInstancesAfterBackupRestoration (0ms)
Platform modules already initialized, skipping
Registering precompiled user dll's ...
Registered in 0.006457 seconds.
Begin MonoManager ReloadAssembly
Native extension for WindowsStandalone target not found
Refreshing native plugins compatible for Editor in 1.49 ms, found 3 plugins.
Preloading 0 native plugins for Editor in 0.00 ms.
Mono: successfully reloaded assembly
- Completed reload, in  7.290 seconds
Domain Reload Profiling:
	ReloadAssembly (7293ms)
		BeginReloadAssembly (393ms)
			ExecutionOrderSort (0ms)
			DisableScriptedObjects (19ms)
			BackupInstance (0ms)
			ReleaseScriptingObjects (0ms)
			CreateAndSetChildDomain (61ms)
		EndReloadAssembly (6695ms)
			LoadAssemblies (257ms)
			RebuildTransferFunctionScriptingTraits (0ms)
			SetupTypeCache (505ms)
			ReleaseScriptCaches (1ms)
			RebuildScriptCaches (85ms)
			SetupLoadedEditorAssemblies (5880ms)
				LogAssemblyErrors (0ms)
				InitializePlatformSupportModulesInManaged (10ms)
				SetLoadedEditorAssemblies (1ms)
				RefreshPlugins (2ms)
				BeforeProcessingInitializeOnLoad (166ms)
				ProcessInitializeOnLoadAttributes (5609ms)
				ProcessInitializeOnLoadMethodAttributes (74ms)
				AfterProcessingInitializeOnLoad (18ms)
				EditorAssembliesLoaded (0ms)
			ExecutionOrderSort2 (0ms)
			AwakeInstancesAfterBackupRestoration (24ms)
Platform modules already initialized, skipping
========================================================================
Worker process is ready to serve import requests
Launched and connected shader compiler UnityShaderCompiler.exe after 0.15 seconds
Refreshing native plugins compatible for Editor in 1.42 ms, found 3 plugins.
Preloading 0 native plugins for Editor in 0.00 ms.
Unloading 3551 Unused Serialized files (Serialized files now loaded: 0)
Unloading 24 unused Assets / (113.7 KB). Loaded Objects now: 4016.
Memory consumption went from 125.4 MB to 125.3 MB.
Total: 7.494700 ms (FindLiveObjects: 0.666400 ms CreateObjectMapping: 0.526200 ms MarkObjects: 5.528100 ms  DeleteObjects: 0.770600 ms)

AssetImportParameters requested are different than current active one (requested -> active):
  custom:video-decoder-ogg-theora: a1e56fd34408186e4bbccfd4996cb3dc -> 
  custom:container-muxer-webm: aa71ff27fc2769a1b78a27578f13a17b -> 
  custom:container-demuxer-webm: 4f35f7cbe854078d1ac9338744f61a02 -> 
  custom:video-encoder-webm-vp8: eb34c28f22e8b96e1ab97ce403110664 -> 
  custom:audio-encoder-webm-vorbis: bf7c407c2cedff20999df2af8eb42d56 -> 
  custom:framework-win-MediaFoundation: 216162199b28c13a410421893ffa2e32 -> 
  custom:container-demuxer-ogg: 62fdf1f143b41e24485cea50d1cbac27 -> 
  custom:video-decoder-webm-vp8: 9c59270c3fd7afecdb556c50c9e8de78 -> 
  custom:audio-decoder-ogg-vorbis: bf7c407c2cedff20999df2af8eb42d56 -> 
========================================================================
Received Import Request.
  Time since last request: 17827.075326 seconds.
  path: Assets/cono de transito.obj
  artifactKey: Guid(ad411149cd56cbc49b8fe9d8d8c519db) Importer(815301076,1909f56bfc062723c751e8b465ee728b)
Start importing Assets/cono de transito.obj using Guid(ad411149cd56cbc49b8fe9d8d8c519db) Importer(815301076,1909f56bfc062723c751e8b465ee728b)  -> (artifact id: 'f36998596c9d94c9c912663c3d20cbf3') in 0.505894 seconds 
========================================================================
Received Import Request.
  Time since last request: 103.332886 seconds.
  path: Assets/Personaje
  artifactKey: Guid(619da137c09cd234f9ea5108817ed560) Importer(815301076,1909f56bfc062723c751e8b465ee728b)
Start importing Assets/Personaje using Guid(619da137c09cd234f9ea5108817ed560) Importer(815301076,1909f56bfc062723c751e8b465ee728b)  -> (artifact id: '26f0fbd4c0f329863abec4aeef602cf9') in 0.003219 seconds 
========================================================================
Received Import Request.
  Time since last request: 25.832389 seconds.
  path: Assets/Personaje/Ch17_nonPBR.fbx
  artifactKey: Guid(38b24dd7185d04f45aeb18f36e5687a0) Importer(815301076,1909f56bfc062723c751e8b465ee728b)
Start importing Assets/Personaje/Ch17_nonPBR.fbx using Guid(38b24dd7185d04f45aeb18f36e5687a0) Importer(815301076,1909f56bfc062723c751e8b465ee728b)  -> (artifact id: '715b26d188ff203fea517a6dfbb6a7bf') in 0.776656 seconds 
========================================================================
Received Import Request.
  Time since last request: 0.000036 seconds.
  path: Assets/Personaje/Ch17_nonPBR@Pushing.fbx
  artifactKey: Guid(5688a7a3c0a0bdd4f928511316870a10) Importer(815301076,1909f56bfc062723c751e8b465ee728b)
Start importing Assets/Personaje/Ch17_nonPBR@Pushing.fbx using Guid(5688a7a3c0a0bdd4f928511316870a10) Importer(815301076,1909f56bfc062723c751e8b465ee728b)  -> (artifact id: '7adef73d35aff1a94e4e135f6a5ee585') in 0.267556 seconds 
========================================================================
Received Import Request.
  Time since last request: 0.000097 seconds.
  path: Assets/Personaje/Ch17_nonPBR@Push Start.fbx
  artifactKey: Guid(1498ce18bf82f92458050874d64b1af9) Importer(815301076,1909f56bfc062723c751e8b465ee728b)
Start importing Assets/Personaje/Ch17_nonPBR@Push Start.fbx using Guid(1498ce18bf82f92458050874d64b1af9) Importer(815301076,1909f56bfc062723c751e8b465ee728b)  -> (artifact id: 'c1b98999edd3becc1f35afa231451242') in 0.195660 seconds 
========================================================================
Received Import Request.
  Time since last request: 7.975018 seconds.
  path: Assets/Personaje/Ch17_nonPBR.fbx
  artifactKey: Guid(38b24dd7185d04f45aeb18f36e5687a0) Importer(815301076,1909f56bfc062723c751e8b465ee728b)
Start importing Assets/Personaje/Ch17_nonPBR.fbx using Guid(38b24dd7185d04f45aeb18f36e5687a0) Importer(815301076,1909f56bfc062723c751e8b465ee728b)  -> (artifact id: 'f20de460a05c2040137e0291752b53f8') in 0.278005 seconds 
========================================================================
Received Import Request.
  Time since last request: 0.000039 seconds.
  path: Assets/Personaje/Ch17_nonPBR@Pushing.fbx
  artifactKey: Guid(5688a7a3c0a0bdd4f928511316870a10) Importer(815301076,1909f56bfc062723c751e8b465ee728b)
Start importing Assets/Personaje/Ch17_nonPBR@Pushing.fbx using Guid(5688a7a3c0a0bdd4f928511316870a10) Importer(815301076,1909f56bfc062723c751e8b465ee728b)  -> (artifact id: '5a0167d092ffbdc6139123e81ce58cb1') in 0.248014 seconds 
========================================================================
Received Import Request.
  Time since last request: 0.000030 seconds.
  path: Assets/Personaje/Ch17_nonPBR@Push Start.fbx
  artifactKey: Guid(1498ce18bf82f92458050874d64b1af9) Importer(815301076,1909f56bfc062723c751e8b465ee728b)
Start importing Assets/Personaje/Ch17_nonPBR@Push Start.fbx using Guid(1498ce18bf82f92458050874d64b1af9) Importer(815301076,1909f56bfc062723c751e8b465ee728b)  -> (artifact id: '92cb06c9a95f6aa4ea5964b7c6624ab8') in 0.228321 seconds 
========================================================================
Received Import Request.
  Time since last request: 226.433321 seconds.
  path: Assets/Personaje/Ch17_nonPBR@Breathing Idle.fbx
  artifactKey: Guid(104b40ae61122694f825f24562ac8844) Importer(815301076,1909f56bfc062723c751e8b465ee728b)
Start importing Assets/Personaje/Ch17_nonPBR@Breathing Idle.fbx using Guid(104b40ae61122694f825f24562ac8844) Importer(815301076,1909f56bfc062723c751e8b465ee728b)  -> (artifact id: 'bda7f61007b4cd3d0d663d71f5bb8735') in 0.267757 seconds 
========================================================================
Received Import Request.
  Time since last request: 0.000071 seconds.
  path: Assets/Personaje/Ch17_nonPBR@Pushing.fbx
  artifactKey: Guid(5688a7a3c0a0bdd4f928511316870a10) Importer(815301076,1909f56bfc062723c751e8b465ee728b)
Start importing Assets/Personaje/Ch17_nonPBR@Pushing.fbx using Guid(5688a7a3c0a0bdd4f928511316870a10) Importer(815301076,1909f56bfc062723c751e8b465ee728b)  -> (artifact id: '35f5a5238a0814bac1b152d2bf6f6d0b') in 0.225716 seconds 
========================================================================
Received Import Request.
  Time since last request: 0.000054 seconds.
  path: Assets/Personaje/Ch17_nonPBR@Push Start.fbx
  artifactKey: Guid(1498ce18bf82f92458050874d64b1af9) Importer(815301076,1909f56bfc062723c751e8b465ee728b)
Start importing Assets/Personaje/Ch17_nonPBR@Push Start.fbx using Guid(1498ce18bf82f92458050874d64b1af9) Importer(815301076,1909f56bfc062723c751e8b465ee728b)  -> (artifact id: '9d5b6b438f5ea65dcbb7db0a5dd160ab') in 0.279868 seconds 
========================================================================
Received Import Request.
  Time since last request: 10.736518 seconds.
  path: Assets/Personaje/Ch17_nonPBR@Push Start.fbx
  artifactKey: Guid(1498ce18bf82f92458050874d64b1af9) Importer(815301076,1909f56bfc062723c751e8b465ee728b)
Start importing Assets/Personaje/Ch17_nonPBR@Push Start.fbx using Guid(1498ce18bf82f92458050874d64b1af9) Importer(815301076,1909f56bfc062723c751e8b465ee728b)  -> (artifact id: '9f4f915852e60efb14692606480d5a0d') in 0.243110 seconds 
========================================================================
Received Import Request.
  Time since last request: 0.000049 seconds.
  path: Assets/Personaje/Ch17_nonPBR@Pushing.fbx
  artifactKey: Guid(5688a7a3c0a0bdd4f928511316870a10) Importer(815301076,1909f56bfc062723c751e8b465ee728b)
Start importing Assets/Personaje/Ch17_nonPBR@Pushing.fbx using Guid(5688a7a3c0a0bdd4f928511316870a10) Importer(815301076,1909f56bfc062723c751e8b465ee728b)  -> (artifact id: 'e8bd2eaa3086798bebf9f58546e6cef0') in 0.226225 seconds 
========================================================================
Received Import Request.
  Time since last request: 0.000053 seconds.
  path: Assets/Personaje/Ch17_nonPBR@Push Stop.fbx
  artifactKey: Guid(2881222fe8d6d0848b9f90bff460fa97) Importer(815301076,1909f56bfc062723c751e8b465ee728b)
Start importing Assets/Personaje/Ch17_nonPBR@Push Stop.fbx using Guid(2881222fe8d6d0848b9f90bff460fa97) Importer(815301076,1909f56bfc062723c751e8b465ee728b)  -> (artifact id: '9b7dcefda91e6e114081ceb9fff9f54b') in 0.207712 seconds 
Editor requested this worker to shutdown with reason: Scaling down because of idle timeout
AssetImportWorker is now disconnected from the server
Process exiting
Exiting without the bug reporter. Application will terminate with return code 0