Using pre-set license
Built from '2021.3/staging' branch; Version is '2021.3.21f1 (1b156197d683) revision 1774945'; Using compiler version '192829333'; Build Type 'Release'
OS: 'Windows 10  (10.0.19044) 64bit Professional' Language: 'es' Physical Memory: 16315 MB
BatchMode: 1, IsHumanControllingUs: 0, StartBugReporterOnCrash: 0, Is64bit: 1, IsPro: 1

COMMAND LINE ARGUMENTS:
C:\Program Files\Unity 2021.3.21f1\Editor\Unity.exe
-adb2
-batchMode
-noUpm
-name
AssetImportWorker1
-projectPath
E:/UNIVERSIDAD/10 SEMESTRE/Aplicaciones 3D/Sokoban 3D/Juego
-logFile
Logs/AssetImportWorker1.log
-srvPort
51644
Successfully changed project path to: E:/UNIVERSIDAD/10 SEMESTRE/Aplicaciones 3D/Sokoban 3D/Juego
E:/UNIVERSIDAD/10 SEMESTRE/Aplicaciones 3D/Sokoban 3D/Juego
[UnityMemory] Configuration Parameters - Can be set up in boot.config
    "memorysetup-bucket-allocator-granularity=16"
    "memorysetup-bucket-allocator-bucket-count=8"
    "memorysetup-bucket-allocator-block-size=33554432"
    "memorysetup-bucket-allocator-block-count=8"
    "memorysetup-main-allocator-block-size=16777216"
    "memorysetup-thread-allocator-block-size=16777216"
    "memorysetup-gfx-main-allocator-block-size=16777216"
    "memorysetup-gfx-thread-allocator-block-size=16777216"
    "memorysetup-cache-allocator-block-size=4194304"
    "memorysetup-typetree-allocator-block-size=2097152"
    "memorysetup-profiler-bucket-allocator-granularity=16"
    "memorysetup-profiler-bucket-allocator-bucket-count=8"
    "memorysetup-profiler-bucket-allocator-block-size=33554432"
    "memorysetup-profiler-bucket-allocator-block-count=8"
    "memorysetup-profiler-allocator-block-size=16777216"
    "memorysetup-profiler-editor-allocator-block-size=1048576"
    "memorysetup-temp-allocator-size-main=16777216"
    "memorysetup-job-temp-allocator-block-size=2097152"
    "memorysetup-job-temp-allocator-block-size-background=1048576"
    "memorysetup-job-temp-allocator-reduction-small-platforms=262144"
    "memorysetup-temp-allocator-size-background-worker=32768"
    "memorysetup-temp-allocator-size-job-worker=262144"
    "memorysetup-temp-allocator-size-preload-manager=33554432"
    "memorysetup-temp-allocator-size-nav-mesh-worker=65536"
    "memorysetup-temp-allocator-size-audio-worker=65536"
    "memorysetup-temp-allocator-size-cloud-worker=32768"
    "memorysetup-temp-allocator-size-gi-baking-worker=262144"
    "memorysetup-temp-allocator-size-gfx=262144"
Player connection [11504] Host "[IP] 192.168.0.11 [Port] 0 [Flags] 2 [Guid] 1994847730 [EditorId] 1994847730 [Version] 1048832 [Id] WindowsEditor(7,Equipo-Escritorio-David) [Debug] 1 [PackageName] WindowsEditor [ProjectName] Editor" joined multi-casting on [225.0.0.222:54997]...

Player connection [11504] Host "[IP] 192.168.0.11 [Port] 0 [Flags] 2 [Guid] 1994847730 [EditorId] 1994847730 [Version] 1048832 [Id] WindowsEditor(7,Equipo-Escritorio-David) [Debug] 1 [PackageName] WindowsEditor [ProjectName] Editor" joined alternative multi-casting on [225.0.0.222:34997]...

Refreshing native plugins compatible for Editor in 86.58 ms, found 3 plugins.
Preloading 0 native plugins for Editor in 0.00 ms.
Initialize engine version: 2021.3.21f1 (1b156197d683)
[Subsystems] Discovering subsystems at path C:/Program Files/Unity 2021.3.21f1/Editor/Data/Resources/UnitySubsystems
[Subsystems] Discovering subsystems at path E:/UNIVERSIDAD/10 SEMESTRE/Aplicaciones 3D/Sokoban 3D/Juego/Assets
GfxDevice: creating device client; threaded=0; jobified=0
Direct3D:
    Version:  Direct3D 11.0 [level 11.1]
    Renderer: NVIDIA GeForce GTX 1650 (ID=0x1f82)
    Vendor:   NVIDIA
    VRAM:     3949 MB
    Driver:   31.0.15.3141
Initialize mono
Mono path[0] = 'C:/Program Files/Unity 2021.3.21f1/Editor/Data/Managed'
Mono path[1] = 'C:/Program Files/Unity 2021.3.21f1/Editor/Data/MonoBleedingEdge/lib/mono/unityjit-win32'
Mono config path = 'C:/Program Files/Unity 2021.3.21f1/Editor/Data/MonoBleedingEdge/etc'
Using monoOptions --debugger-agent=transport=dt_socket,embedding=1,server=y,suspend=n,address=127.0.0.1:56872
Begin MonoManager ReloadAssembly
Registering precompiled unity dll's ...
Register platform support module: C:/Program Files/Unity 2021.3.21f1/Editor/Data/PlaybackEngines/WindowsStandaloneSupport/UnityEditor.WindowsStandalone.Extensions.dll
Registered in 0.008627 seconds.
Native extension for WindowsStandalone target not found
Refreshing native plugins compatible for Editor in 155.60 ms, found 3 plugins.
Preloading 0 native plugins for Editor in 0.00 ms.
Mono: successfully reloaded assembly
- Completed reload, in  1.014 seconds
Domain Reload Profiling:
	ReloadAssembly (1014ms)
		BeginReloadAssembly (122ms)
			ExecutionOrderSort (0ms)
			DisableScriptedObjects (0ms)
			BackupInstance (0ms)
			ReleaseScriptingObjects (0ms)
			CreateAndSetChildDomain (1ms)
		EndReloadAssembly (752ms)
			LoadAssemblies (118ms)
			RebuildTransferFunctionScriptingTraits (0ms)
			SetupTypeCache (126ms)
			ReleaseScriptCaches (0ms)
			RebuildScriptCaches (149ms)
			SetupLoadedEditorAssemblies (409ms)
				LogAssemblyErrors (0ms)
				InitializePlatformSupportModulesInManaged (11ms)
				SetLoadedEditorAssemblies (10ms)
				RefreshPlugins (156ms)
				BeforeProcessingInitializeOnLoad (2ms)
				ProcessInitializeOnLoadAttributes (169ms)
				ProcessInitializeOnLoadMethodAttributes (61ms)
				AfterProcessingInitializeOnLoad (0ms)
				EditorAssembliesLoaded (0ms)
			ExecutionOrderSort2 (0ms)
			AwakeInstancesAfterBackupRestoration (0ms)
Platform modules already initialized, skipping
Registering precompiled user dll's ...
Registered in 0.005526 seconds.
Begin MonoManager ReloadAssembly
Symbol file LoadedFromMemory doesn't match image E:\UNIVERSIDAD\10 SEMESTRE\Aplicaciones 3D\Sokoban 3D\Juego\Library\PackageCache\com.unity.visualscripting@1.8.0\Editor\VisualScripting.Core\Dependencies\YamlDotNet\Unity.VisualScripting.YamlDotNet.dll
Symbol file LoadedFromMemory doesn't match image E:\UNIVERSIDAD\10 SEMESTRE\Aplicaciones 3D\Sokoban 3D\Juego\Library\PackageCache\com.unity.visualscripting@1.8.0\Editor\VisualScripting.Core\Dependencies\DotNetZip\Unity.VisualScripting.IonicZip.dll
Native extension for WindowsStandalone target not found
Refreshing native plugins compatible for Editor in 0.64 ms, found 3 plugins.
Preloading 0 native plugins for Editor in 0.00 ms.
Mono: successfully reloaded assembly
- Completed reload, in  1.315 seconds
Domain Reload Profiling:
	ReloadAssembly (1316ms)
		BeginReloadAssembly (173ms)
			ExecutionOrderSort (0ms)
			DisableScriptedObjects (8ms)
			BackupInstance (0ms)
			ReleaseScriptingObjects (0ms)
			CreateAndSetChildDomain (24ms)
		EndReloadAssembly (994ms)
			LoadAssemblies (130ms)
			RebuildTransferFunctionScriptingTraits (0ms)
			SetupTypeCache (319ms)
			ReleaseScriptCaches (1ms)
			RebuildScriptCaches (61ms)
			SetupLoadedEditorAssemblies (476ms)
				LogAssemblyErrors (0ms)
				InitializePlatformSupportModulesInManaged (6ms)
				SetLoadedEditorAssemblies (1ms)
				RefreshPlugins (1ms)
				BeforeProcessingInitializeOnLoad (99ms)
				ProcessInitializeOnLoadAttributes (329ms)
				ProcessInitializeOnLoadMethodAttributes (27ms)
				AfterProcessingInitializeOnLoad (13ms)
				EditorAssembliesLoaded (0ms)
			ExecutionOrderSort2 (0ms)
			AwakeInstancesAfterBackupRestoration (8ms)
Platform modules already initialized, skipping
========================================================================
Worker process is ready to serve import requests
Launched and connected shader compiler UnityShaderCompiler.exe after 0.07 seconds
Refreshing native plugins compatible for Editor in 1.11 ms, found 3 plugins.
Preloading 0 native plugins for Editor in 0.00 ms.
Unloading 3551 Unused Serialized files (Serialized files now loaded: 0)
Unloading 24 unused Assets / (113.6 KB). Loaded Objects now: 4016.
Memory consumption went from 125.3 MB to 125.2 MB.
Total: 5.093100 ms (FindLiveObjects: 0.394600 ms CreateObjectMapping: 0.142900 ms MarkObjects: 4.394800 ms  DeleteObjects: 0.159600 ms)

AssetImportParameters requested are different than current active one (requested -> active):
  custom:video-decoder-ogg-theora: a1e56fd34408186e4bbccfd4996cb3dc -> 
  custom:container-muxer-webm: aa71ff27fc2769a1b78a27578f13a17b -> 
  custom:container-demuxer-webm: 4f35f7cbe854078d1ac9338744f61a02 -> 
  custom:video-encoder-webm-vp8: eb34c28f22e8b96e1ab97ce403110664 -> 
  custom:audio-encoder-webm-vorbis: bf7c407c2cedff20999df2af8eb42d56 -> 
  custom:framework-win-MediaFoundation: 216162199b28c13a410421893ffa2e32 -> 
  custom:container-demuxer-ogg: 62fdf1f143b41e24485cea50d1cbac27 -> 
  custom:video-decoder-webm-vp8: 9c59270c3fd7afecdb556c50c9e8de78 -> 
  custom:audio-decoder-ogg-vorbis: bf7c407c2cedff20999df2af8eb42d56 -> 
========================================================================
Received Prepare
Registering precompiled user dll's ...
Registered in 0.006076 seconds.
Begin MonoManager ReloadAssembly
Symbol file LoadedFromMemory doesn't match image E:\UNIVERSIDAD\10 SEMESTRE\Aplicaciones 3D\Sokoban 3D\Juego\Library\PackageCache\com.unity.visualscripting@1.8.0\Editor\VisualScripting.Core\Dependencies\YamlDotNet\Unity.VisualScripting.YamlDotNet.dll
Symbol file LoadedFromMemory doesn't match image E:\UNIVERSIDAD\10 SEMESTRE\Aplicaciones 3D\Sokoban 3D\Juego\Library\PackageCache\com.unity.visualscripting@1.8.0\Editor\VisualScripting.Core\Dependencies\DotNetZip\Unity.VisualScripting.IonicZip.dll
Native extension for WindowsStandalone target not found
Refreshing native plugins compatible for Editor in 0.98 ms, found 3 plugins.
Preloading 0 native plugins for Editor in 0.00 ms.
Mono: successfully reloaded assembly
- Completed reload, in  1.522 seconds
Domain Reload Profiling:
	ReloadAssembly (1522ms)
		BeginReloadAssembly (209ms)
			ExecutionOrderSort (0ms)
			DisableScriptedObjects (7ms)
			BackupInstance (0ms)
			ReleaseScriptingObjects (0ms)
			CreateAndSetChildDomain (47ms)
		EndReloadAssembly (1177ms)
			LoadAssemblies (149ms)
			RebuildTransferFunctionScriptingTraits (0ms)
			SetupTypeCache (410ms)
			ReleaseScriptCaches (2ms)
			RebuildScriptCaches (67ms)
			SetupLoadedEditorAssemblies (455ms)
				LogAssemblyErrors (0ms)
				InitializePlatformSupportModulesInManaged (8ms)
				SetLoadedEditorAssemblies (1ms)
				RefreshPlugins (1ms)
				BeforeProcessingInitializeOnLoad (94ms)
				ProcessInitializeOnLoadAttributes (283ms)
				ProcessInitializeOnLoadMethodAttributes (49ms)
				AfterProcessingInitializeOnLoad (18ms)
				EditorAssembliesLoaded (0ms)
			ExecutionOrderSort2 (0ms)
			AwakeInstancesAfterBackupRestoration (51ms)
Platform modules already initialized, skipping
Refreshing native plugins compatible for Editor in 2.80 ms, found 3 plugins.
Preloading 0 native plugins for Editor in 0.00 ms.
Unloading 3521 Unused Serialized files (Serialized files now loaded: 0)
Unloading 17 unused Assets / (80.3 KB). Loaded Objects now: 4019.
Memory consumption went from 123.7 MB to 123.6 MB.
Total: 5.139100 ms (FindLiveObjects: 0.415500 ms CreateObjectMapping: 0.639300 ms MarkObjects: 3.916300 ms  DeleteObjects: 0.158800 ms)

AssetImportParameters requested are different than current active one (requested -> active):
  custom:video-decoder-ogg-theora: a1e56fd34408186e4bbccfd4996cb3dc -> 
  custom:container-muxer-webm: aa71ff27fc2769a1b78a27578f13a17b -> 
  custom:container-demuxer-webm: 4f35f7cbe854078d1ac9338744f61a02 -> 
  custom:video-encoder-webm-vp8: eb34c28f22e8b96e1ab97ce403110664 -> 
  custom:audio-encoder-webm-vorbis: bf7c407c2cedff20999df2af8eb42d56 -> 
  custom:framework-win-MediaFoundation: 216162199b28c13a410421893ffa2e32 -> 
  custom:container-demuxer-ogg: 62fdf1f143b41e24485cea50d1cbac27 -> 
  custom:video-decoder-webm-vp8: 9c59270c3fd7afecdb556c50c9e8de78 -> 
  custom:audio-decoder-ogg-vorbis: bf7c407c2cedff20999df2af8eb42d56 -> 
========================================================================
Received Prepare
Registering precompiled user dll's ...
Registered in 0.006666 seconds.
Begin MonoManager ReloadAssembly
Symbol file LoadedFromMemory doesn't match image E:\UNIVERSIDAD\10 SEMESTRE\Aplicaciones 3D\Sokoban 3D\Juego\Library\PackageCache\com.unity.visualscripting@1.8.0\Editor\VisualScripting.Core\Dependencies\YamlDotNet\Unity.VisualScripting.YamlDotNet.dll
Symbol file LoadedFromMemory doesn't match image E:\UNIVERSIDAD\10 SEMESTRE\Aplicaciones 3D\Sokoban 3D\Juego\Library\PackageCache\com.unity.visualscripting@1.8.0\Editor\VisualScripting.Core\Dependencies\DotNetZip\Unity.VisualScripting.IonicZip.dll
Native extension for WindowsStandalone target not found
Refreshing native plugins compatible for Editor in 1.21 ms, found 3 plugins.
Preloading 0 native plugins for Editor in 0.00 ms.
Mono: successfully reloaded assembly
- Completed reload, in  1.505 seconds
Domain Reload Profiling:
	ReloadAssembly (1506ms)
		BeginReloadAssembly (199ms)
			ExecutionOrderSort (0ms)
			DisableScriptedObjects (7ms)
			BackupInstance (0ms)
			ReleaseScriptingObjects (0ms)
			CreateAndSetChildDomain (43ms)
		EndReloadAssembly (1172ms)
			LoadAssemblies (141ms)
			RebuildTransferFunctionScriptingTraits (0ms)
			SetupTypeCache (388ms)
			ReleaseScriptCaches (2ms)
			RebuildScriptCaches (64ms)
			SetupLoadedEditorAssemblies (476ms)
				LogAssemblyErrors (0ms)
				InitializePlatformSupportModulesInManaged (10ms)
				SetLoadedEditorAssemblies (1ms)
				RefreshPlugins (1ms)
				BeforeProcessingInitializeOnLoad (101ms)
				ProcessInitializeOnLoadAttributes (289ms)
				ProcessInitializeOnLoadMethodAttributes (55ms)
				AfterProcessingInitializeOnLoad (19ms)
				EditorAssembliesLoaded (0ms)
			ExecutionOrderSort2 (0ms)
			AwakeInstancesAfterBackupRestoration (53ms)
Platform modules already initialized, skipping
Refreshing native plugins compatible for Editor in 2.67 ms, found 3 plugins.
Preloading 0 native plugins for Editor in 0.00 ms.
Unloading 3521 Unused Serialized files (Serialized files now loaded: 0)
Unloading 17 unused Assets / (80.3 KB). Loaded Objects now: 4022.
Memory consumption went from 123.7 MB to 123.6 MB.
Total: 4.299100 ms (FindLiveObjects: 0.345800 ms CreateObjectMapping: 0.112200 ms MarkObjects: 3.706500 ms  DeleteObjects: 0.133100 ms)

AssetImportParameters requested are different than current active one (requested -> active):
  custom:video-decoder-ogg-theora: a1e56fd34408186e4bbccfd4996cb3dc -> 
  custom:container-muxer-webm: aa71ff27fc2769a1b78a27578f13a17b -> 
  custom:container-demuxer-webm: 4f35f7cbe854078d1ac9338744f61a02 -> 
  custom:video-encoder-webm-vp8: eb34c28f22e8b96e1ab97ce403110664 -> 
  custom:audio-encoder-webm-vorbis: bf7c407c2cedff20999df2af8eb42d56 -> 
  custom:framework-win-MediaFoundation: 216162199b28c13a410421893ffa2e32 -> 
  custom:container-demuxer-ogg: 62fdf1f143b41e24485cea50d1cbac27 -> 
  custom:video-decoder-webm-vp8: 9c59270c3fd7afecdb556c50c9e8de78 -> 
  custom:audio-decoder-ogg-vorbis: bf7c407c2cedff20999df2af8eb42d56 -> 
========================================================================
Received Import Request.
  Time since last request: 19059.598017 seconds.
  path: Assets/Elementos/concrete_floor_worn_001_ao_1k.jpg
  artifactKey: Guid(a909ed75c7599574f8a35dbb3f6c774b) Importer(815301076,1909f56bfc062723c751e8b465ee728b)
Start importing Assets/Elementos/concrete_floor_worn_001_ao_1k.jpg using Guid(a909ed75c7599574f8a35dbb3f6c774b) Importer(815301076,1909f56bfc062723c751e8b465ee728b)  -> (artifact id: '623238a1035bc50cf6aa934bd85d3b0e') in 0.231013 seconds 
========================================================================
Received Import Request.
  Time since last request: 0.000065 seconds.
  path: Assets/Elementos/red_brick_03_bump_1k.exr
  artifactKey: Guid(616b92d055eaa6f47a55fc0fbadd176a) Importer(815301076,1909f56bfc062723c751e8b465ee728b)
Start importing Assets/Elementos/red_brick_03_bump_1k.exr using Guid(616b92d055eaa6f47a55fc0fbadd176a) Importer(815301076,1909f56bfc062723c751e8b465ee728b)  -> (artifact id: 'e0ba64a8b8a46d51d9fd48994b1a61b0') in 0.033543 seconds 
========================================================================
Received Import Request.
  Time since last request: 0.000062 seconds.
  path: Assets/Elementos/raked_dirt_diff_1k.jpg
  artifactKey: Guid(cd3b881c9c3fea24da71dd633e2fcb9c) Importer(815301076,1909f56bfc062723c751e8b465ee728b)
Start importing Assets/Elementos/raked_dirt_diff_1k.jpg using Guid(cd3b881c9c3fea24da71dd633e2fcb9c) Importer(815301076,1909f56bfc062723c751e8b465ee728b)  -> (artifact id: 'ade86c449a60afa9bcdfdc6d4b63e84d') in 0.014355 seconds 
========================================================================
Received Import Request.
  Time since last request: 0.000043 seconds.
  path: Assets/Elementos/raked_dirt_ao_1k.jpg
  artifactKey: Guid(7da333d1618cba94ea2443ce5ad12cab) Importer(815301076,1909f56bfc062723c751e8b465ee728b)
Start importing Assets/Elementos/raked_dirt_ao_1k.jpg using Guid(7da333d1618cba94ea2443ce5ad12cab) Importer(815301076,1909f56bfc062723c751e8b465ee728b)  -> (artifact id: '6ed083c2dac3efa2e741ba6c66c7dd20') in 0.012807 seconds 
========================================================================
Received Import Request.
  Time since last request: 0.000046 seconds.
  path: Assets/Elementos/red_brick_03_diff_1k.jpg
  artifactKey: Guid(04dfbf19e0ac1e54f89927119ffb6888) Importer(815301076,1909f56bfc062723c751e8b465ee728b)
Start importing Assets/Elementos/red_brick_03_diff_1k.jpg using Guid(04dfbf19e0ac1e54f89927119ffb6888) Importer(815301076,1909f56bfc062723c751e8b465ee728b)  -> (artifact id: 'd636cb795a3ee49c5acccfd87684b616') in 0.010125 seconds 
========================================================================
Received Import Request.
  Time since last request: 0.000038 seconds.
  path: Assets/Elementos/pavement_05_diff_1k.jpg
  artifactKey: Guid(7ef77f06a4e80b14da20546926222d3f) Importer(815301076,1909f56bfc062723c751e8b465ee728b)
Start importing Assets/Elementos/pavement_05_diff_1k.jpg using Guid(7ef77f06a4e80b14da20546926222d3f) Importer(815301076,1909f56bfc062723c751e8b465ee728b)  -> (artifact id: 'aeb5306d598d920489c4a754ed52d851') in 0.010199 seconds 
========================================================================
Received Import Request.
  Time since last request: 0.000039 seconds.
  path: Assets/Elementos/dark_wood_diff_1k.jpg
  artifactKey: Guid(4af9a2551a31e7749a4857f9c52a082f) Importer(815301076,1909f56bfc062723c751e8b465ee728b)
Start importing Assets/Elementos/dark_wood_diff_1k.jpg using Guid(4af9a2551a31e7749a4857f9c52a082f) Importer(815301076,1909f56bfc062723c751e8b465ee728b)  -> (artifact id: 'cfe2c7cea89f59cdff3f59e13d354d1a') in 0.010557 seconds 
========================================================================
Received Import Request.
  Time since last request: 0.000028 seconds.
  path: Assets/Elementos/rust_coarse_01_diff_1k.jpg
  artifactKey: Guid(c60c329b0fa2d43429b34d0332ffac26) Importer(815301076,1909f56bfc062723c751e8b465ee728b)
Start importing Assets/Elementos/rust_coarse_01_diff_1k.jpg using Guid(c60c329b0fa2d43429b34d0332ffac26) Importer(815301076,1909f56bfc062723c751e8b465ee728b)  -> (artifact id: '718f071b4f90aad52056ea852a7d35cc') in 0.012078 seconds 
========================================================================
Received Import Request.
  Time since last request: 0.000033 seconds.
  path: Assets/Elementos/red_brick_03_ao_1k.jpg
  artifactKey: Guid(7aab08d93eaf73b44adda55bccde9b0c) Importer(815301076,1909f56bfc062723c751e8b465ee728b)
Start importing Assets/Elementos/red_brick_03_ao_1k.jpg using Guid(7aab08d93eaf73b44adda55bccde9b0c) Importer(815301076,1909f56bfc062723c751e8b465ee728b)  -> (artifact id: '8c6ed573a88d249ee957b57024cc4bcd') in 0.010997 seconds 
========================================================================
Received Import Request.
  Time since last request: 0.000031 seconds.
  path: Assets/Elementos/concrete_floor_worn_001_diff_1k.jpg
  artifactKey: Guid(242cf68da4ba88f4a85a3f822922abba) Importer(815301076,1909f56bfc062723c751e8b465ee728b)
Start importing Assets/Elementos/concrete_floor_worn_001_diff_1k.jpg using Guid(242cf68da4ba88f4a85a3f822922abba) Importer(815301076,1909f56bfc062723c751e8b465ee728b)  -> (artifact id: 'c66762d94c4ca5906ffe4b91da653848') in 0.011799 seconds 
========================================================================
Received Import Request.
  Time since last request: 13.816354 seconds.
  path: Assets/Elementos/bushes2Shader.mat
  artifactKey: Guid(670fb714f76c7f845bfce2cadaa78300) Importer(815301076,1909f56bfc062723c751e8b465ee728b)
Start importing Assets/Elementos/bushes2Shader.mat using Guid(670fb714f76c7f845bfce2cadaa78300) Importer(815301076,1909f56bfc062723c751e8b465ee728b)  -> (artifact id: 'c5418147ff179d09285ce071364d16ce') in 0.181999 seconds 
========================================================================
Received Import Request.
  Time since last request: 0.000051 seconds.
  path: Assets/Elementos/pavimento_mat.mat
  artifactKey: Guid(7bf89cb3121d59e438c85d1939233849) Importer(815301076,1909f56bfc062723c751e8b465ee728b)
Start importing Assets/Elementos/pavimento_mat.mat using Guid(7bf89cb3121d59e438c85d1939233849) Importer(815301076,1909f56bfc062723c751e8b465ee728b)  -> (artifact id: '6e3ce006cb5e3fde89cae25840da4a01') in 0.020623 seconds 
========================================================================
Received Import Request.
  Time since last request: 0.000081 seconds.
  path: Assets/Elementos/cobre_mat.mat
  artifactKey: Guid(2d5c734ccac36b545b6e734e1ac3471f) Importer(815301076,1909f56bfc062723c751e8b465ee728b)
Start importing Assets/Elementos/cobre_mat.mat using Guid(2d5c734ccac36b545b6e734e1ac3471f) Importer(815301076,1909f56bfc062723c751e8b465ee728b)  -> (artifact id: '4df7d51024f48384010f6ada43198340') in 0.223471 seconds 
========================================================================
Received Import Request.
  Time since last request: 0.000051 seconds.
  path: Assets/Elementos/puerta_mat.mat
  artifactKey: Guid(6a08eb850d2dbe84f9b5ba441084cb2b) Importer(815301076,1909f56bfc062723c751e8b465ee728b)
Start importing Assets/Elementos/puerta_mat.mat using Guid(6a08eb850d2dbe84f9b5ba441084cb2b) Importer(815301076,1909f56bfc062723c751e8b465ee728b)  -> (artifact id: '572f315732211b7ba320a3eabafea87e') in 0.013184 seconds 
========================================================================
Received Import Request.
  Time since last request: 0.000067 seconds.
  path: Assets/Elementos/ladrillo_mat.mat
  artifactKey: Guid(5bdc4e0a677ed1e409ca46ec49cde680) Importer(815301076,1909f56bfc062723c751e8b465ee728b)
Start importing Assets/Elementos/ladrillo_mat.mat using Guid(5bdc4e0a677ed1e409ca46ec49cde680) Importer(815301076,1909f56bfc062723c751e8b465ee728b)  -> (artifact id: 'c74fa9b9f05f8a7c52688999e68af794') in 0.234934 seconds 
